-------------------------------------------------------------------------------
Test set: TestSuite
-------------------------------------------------------------------------------
Tests run: 2, Failures: 1, Errors: 0, Skipped: 0, Time elapsed: 30.965 s <<< FAILURE! - in TestSuite
addRemoveItem(uk.co.automationtesting.AddRemoveItemBasketTest)  Time elapsed: 25.935 s  <<< FAILURE!
java.lang.AssertionError: Cart amount did not match the expected amount, if found $45.24 expected $45.23
	at uk.co.automationtesting.AddRemoveItemBasketTest.addRemoveItem(AddRemoveItemBasketTest.java:99)

