<?xml version="1.0" encoding="UTF-8"?>
<testng-results ignored="0" total="1" passed="1" failed="0" skipped="0">
  <reporter-output>
  </reporter-output>
  <suite started-at="2024-04-15T21:40:31 COT" name="Default suite" finished-at="2024-04-15T21:40:45 COT" duration-ms="14384">
    <groups>
    </groups>
    <test started-at="2024-04-15T21:40:31 COT" name="Default test" finished-at="2024-04-15T21:40:45 COT" duration-ms="14384">
      <class name="uk.co.automationtesting.ShopLoginTest">
        <test-method is-config="true" signature="setup()[pri:0, instance:uk.co.automationtesting.ShopLoginTest@496bc455]" started-at="2024-04-15T21:40:31 COT" name="setup" finished-at="2024-04-15T21:40:35 COT" duration-ms="3291" status="PASS">
          <reporter-output>
          </reporter-output>
        </test-method> <!-- setup -->
        <test-method signature="ShopLogin()[pri:0, instance:uk.co.automationtesting.ShopLoginTest@496bc455]" started-at="2024-04-15T21:40:35 COT" name="ShopLogin" finished-at="2024-04-15T21:40:45 COT" duration-ms="10241" status="PASS">
          <reporter-output>
          </reporter-output>
        </test-method> <!-- ShopLogin -->
        <test-method is-config="true" signature="tearDown()[pri:0, instance:uk.co.automationtesting.ShopLoginTest@496bc455]" started-at="2024-04-15T21:40:45 COT" name="tearDown" finished-at="2024-04-15T21:40:45 COT" duration-ms="652" status="PASS">
          <reporter-output>
          </reporter-output>
        </test-method> <!-- tearDown -->
      </class> <!-- uk.co.automationtesting.ShopLoginTest -->
    </test> <!-- Default test -->
  </suite> <!-- Default suite -->
</testng-results>
